<?xml version="1.0" encoding="UTF-8"?>
<!-- Generated by org.testng.reporters.JUnitReportReporter -->
<testsuite hostname="LAPTOP-GDME1HR9" failures="0" tests="5" name="VtappTestng.TNG.OperationTest" time="0.026" errors="0" timestamp="2024-04-01T23:23:30 IST" skipped="0">
  <testcase classname="VtappTestng.TNG.OperationTest" name="testSubtraction" time="0.001"/>
  <testcase classname="VtappTestng.TNG.OperationTest" name="testDivision" time="0.001"/>
  <testcase classname="VtappTestng.TNG.OperationTest" name="testAddition" time="0.020"/>
  <testcase classname="VtappTestng.TNG.OperationTest" name="testMultiplication" time="0.001"/>
  <testcase classname="VtappTestng.TNG.OperationTest" name="testDivisionByZero" time="0.003"/>
</testsuite> <!-- VtappTestng.TNG.OperationTest -->
